<?xml version="1.0" encoding="UTF-8"?>
<!-- Generated by org.testng.reporters.JUnitReportReporter -->
<testsuite skipped="0" hostname="DESKTOP-UG71NEM" name="TestCases.TC_LoginTest001" tests="1" failures="0" timestamp="2023-08-11T10:08:09 IST" time="5.497" errors="0">
  <testcase name="loginTest" time="5.497" classname="TestCases.TC_LoginTest001"/>
  <system-out/>
</testsuite> <!-- TestCases.TC_LoginTest001 -->
