<?xml version="1.0" encoding="UTF-8"?>
<!-- Generated by org.testng.reporters.JUnitReportReporter -->
<testsuite hostname="DESKTOP-UG71NEM" failures="0" tests="1" name="TestCases.TC_LoginTest001" time="8.653" errors="0" timestamp="2023-08-11T10:14:51 IST" skipped="0">
  <testcase classname="TestCases.TC_LoginTest001" name="loginTest" time="8.653"/>
  <system-out/>
</testsuite> <!-- TestCases.TC_LoginTest001 -->
